[22:14:00] [Client thread/INFO]: Setting user: Player828
[22:14:04] [Client thread/INFO]: LWJGL Version: 2.9.1
[22:14:09] [Client thread/INFO]: Reloading ResourceManager: Default, FMLFileResourcePack:Forge Mod Loader, FMLFileResourcePack:Minecraft Forge, FMLFileResourcePack:Sword Art Online Swords
[22:14:10] [Sound Library Loader/INFO]: Starting up SoundSystem...
[22:14:10] [Thread-7/INFO]: Initializing LWJGL OpenAL
[22:14:10] [Thread-7/INFO]: (The LWJGL binding of OpenAL.  For more information, see http://www.lwjgl.org)
[22:14:10] [Thread-7/INFO]: OpenAL initialized.
[22:14:11] [Sound Library Loader/INFO]: Sound engine started
[22:14:16] [Client thread/INFO]: Created: 512x512 textures-atlas
[22:14:17] [Client thread/INFO]: Reloading ResourceManager: Default, FMLFileResourcePack:Forge Mod Loader, FMLFileResourcePack:Minecraft Forge, FMLFileResourcePack:Sword Art Online Swords
[22:14:17] [Client thread/INFO]: SoundSystem shutting down...
[22:14:18] [Client thread/WARN]: Author: Paul Lamb, www.paulscode.com
[22:14:18] [Sound Library Loader/INFO]: Starting up SoundSystem...
[22:14:18] [Thread-9/INFO]: Initializing LWJGL OpenAL
[22:14:18] [Thread-9/INFO]: (The LWJGL binding of OpenAL.  For more information, see http://www.lwjgl.org)
[22:14:18] [Thread-9/INFO]: OpenAL initialized.
[22:14:18] [Sound Library Loader/INFO]: Sound engine started
[22:14:21] [Client thread/INFO]: Created: 512x512 textures-atlas
[22:14:28] [Server thread/INFO]: Starting integrated minecraft server version 1.8
[22:14:28] [Server thread/INFO]: Generating keypair
[22:14:28] [Server thread/INFO]: Preparing start region for level 0
[22:14:29] [Server thread/INFO]: Preparing spawn area: 40%
[22:14:31] [Server thread/INFO]: Changing view distance to 12, from 10
[22:14:31] [Server thread/INFO]: Player828[local:E:85ad4d30] logged in with entity id 380 at (300.5505304698097, 66.0, 293.2120871624035)
[22:14:31] [Server thread/INFO]: Player828 joined the game
[22:14:33] [Server thread/WARN]: Can't keep up! Did the system time change, or is the server overloaded? Running 2275ms behind, skipping 45 tick(s)
[22:14:41] [Server thread/INFO]: [Player828: Set own game mode to Creative Mode]
[22:14:41] [Client thread/INFO]: [CHAT] Your game mode has been updated
[22:14:42] [Server thread/INFO]: Player828 has just earned the achievement [Taking Inventory]
[22:14:42] [Client thread/INFO]: [CHAT] Player828 has just earned the achievement [Taking Inventory]
[22:15:41] [Server thread/INFO]: Saving and pausing game...
[22:15:41] [Server thread/INFO]: Saving chunks for level 'New World'/Overworld
[22:15:41] [Server thread/INFO]: Saving chunks for level 'New World'/Nether
[22:15:41] [Server thread/INFO]: Saving chunks for level 'New World'/The End
[22:15:42] [Server thread/INFO]: Stopping server
[22:15:42] [Server thread/INFO]: Saving players
[22:15:42] [Server thread/INFO]: Saving worlds
[22:15:42] [Server thread/INFO]: Saving chunks for level 'New World'/Overworld
[22:15:42] [Server thread/INFO]: Saving chunks for level 'New World'/Nether
[22:15:42] [Server thread/INFO]: Saving chunks for level 'New World'/The End
[22:15:46] [Client thread/INFO]: Stopping!
[22:15:46] [Client thread/INFO]: SoundSystem shutting down...
[22:15:46] [Client thread/WARN]: Author: Paul Lamb, www.paulscode.com
